AlS                                                     Tue Apr 11 16:45:57 2017
ID= 59507 QSPINROT=      1000.0000 MIN, MAX QN=   0  99
MIN.LOG.STR=    -8.000 MIN.LOG.STR(FRQ/300GHZ)**2=    -3.000 MAX FREQ      400.0 GHZ, TEMP=    10.00
     1  1      3.62
.VAR FILE TITLE :AlS
                              PARAMETERS - A.PRIORI ERROR 
     1      1      10000000   6.6047584741729E+01    1.000000E-35 gamma
     2      2     120000000   8.1949981993323E+02    1.000000E-35 bF
     3      2    -220010000  -7.0622276839981E+00       -0.008618 eQq/2
     4      3      20000000   6.5576548502002E-03    1.000000E-35 C_I
     5      4           100   8.3685443458204E+03    1.000000E-35 B
     6      5     120010000   1.6920698633523E+02    1.000000E-35 c
     7      6      10000100  -2.1989411287084E-03    1.000000E-35 gammaD
     8      7           200  -6.9416534829564E-03    1.000000E-35 D
     9      8     220010000  -2.4053899940759E+01    1.000000E-35 eQq
9 parameters read, 8 independent parameters
IQNFMT = 303
NO DIAGONALIZATION NEEDED
PROLATE ROTOR
    V KMIN KMAX WTPL WTMN ESYMWT NSYM SPINS
    0    0    0    1    1     99    2
BLOCK - WT - SYM - V - TSP - N  -  other quanta  (rel. to F=0 )
    1    1    x    0    0
    2    1    a    0    0
Maximum Dimension for Hamiltonian = 1
INITIAL Q =      1000.0000, NEW Q IS RELATIVE TO MIN.EGY.=         0.0000
 NUMBER OF LINES =     14
TEMPERATURE - Q(SPIN-ROT.) - log Q(SPIN-ROT.)
    300.000       748.2217    2.8740
    225.000       561.0760    2.7490
    150.000       374.0456    2.5729
     75.000       187.1317    2.2721
     37.500        93.7186    1.9718
     18.750        47.0234    1.6723
     10.000        25.2357    1.4020
      9.375        23.6796    1.3744
